[0m[[0m[0mdebug[0m] [0m[0m> Exec(__runWatch console0, Some(dd5b427e-1570-41d8-826c-ed398b278278), Some(CommandSource(console0)))[0m
[0m[[0m[0mdebug[0m] [0m[0m> Exec(sbtStashOnFailure, None, Some(CommandSource(console0)))[0m
[0m[[0m[0mdebug[0m] [0m[0m> Exec(__preWatch console0, None, Some(CommandSource(console0)))[0m
[0m[[0m[0mdebug[0m] [0m[0m> Exec(Jetty/start, None, Some(CommandSource(console0)))[0m
[0m[[0m[0mdebug[0m] [0m[0mEvaluating tasks: Jetty / start[0m
[0m[[0m[0mdebug[0m] [0m[0mRunning task... Cancel: Signal, check cycles: false, forcegc: true[0m
[0m[[0m[0minfo[0m] [0m[0mcompiling 1 Scala source to C:\Users\rosny\Downloads\ProjetINFOM453\target\scala-3.3.4\classes ...[0m
[0m[[0m[31merror[0m] [0m[0m[31m[31m-- [E172] Type Error: C:\Users\rosny\Downloads\ProjetINFOM453\src\main\scala\PopServer.scala:84:94 [0m[0m[0m
[0m[[0m[31merror[0m] [0m[0m[31m84 |[0m    [33mval[0m [36mresult[0m: [35mFuture[0m[[35mResponse[0m] = system.ask([36mreplyTo[0m => CreateTeam(teamId, members, replyTo))[0m
[0m[[0m[31merror[0m] [0m[0m[31m[31m   |[0m                                                                                              ^[0m[0m
[0m[[0m[31merror[0m] [0m[0m[31m   |[0mNo given instance of type akka.util.Timeout was found for parameter timeout of [33mmethod[0m [35mask[0m in [33mclass[0m [35mAskable[0m[0m
[0m[[0m[33mwarn[0m] [0m[0mthere were 7 deprecation warnings; re-run with -deprecation for details[0m
[0m[[0m[33mwarn[0m] [0m[0mone warning found[0m
[0m[[0m[31merror[0m] [0m[0mone error found[0m
[0m[[0m[31merror[0m] [0m[0m(Compile / [31mcompileIncremental[0m) Compilation failed[0m
[0m[[0m[31merror[0m] [0m[0mTotal time: 9 s, completed 4 déc. 2024, 22:42:09[0m
[0m[[0m[0mdebug[0m] [0m[0m> Exec(resumeFromFailure, None, Some(CommandSource(console0)))[0m
[0m[[0m[0mdebug[0m] [0m[0m> Exec(sbtPopOnFailure, None, Some(CommandSource(console0)))[0m
[0m[[0m[0mdebug[0m] [0m[0m> Exec(__postWatch console0, None, Some(CommandSource(console0)))[0m
[0m[[0m[0mdebug[0m] [0m[0m> Exec(resumeFromFailure, None, None)[0m
[0m[[0m[0mdebug[0m] [0m[0m> Exec(__waitWatch console0, None, None)[0m
